[00:13:15] REQ 217.201.20.175 body={"amount_eur":0.7600000000000000088817841970012523233890533447265625,"currency":"eur","desired_net_eur":0.5,"fee_estimate_eur":0.2600000000000000088817841970012523233890533447265625,"ui_fee_model":{"pct":0.01499999999999999944488848768742172978818416595458984375,"fixed":0.25}}
[00:13:16] STRIPE http=200 body={
  "id": "cs_live_a1JYmWCtkf4oJtySNF9vHw3Y3wSH7DhUwix8DMZart7IuoUjgnmh2UPih3",
  "object": "checkout.session",
  "adaptive_pricing": {
    "enabled": true
  },
  "after_expiration": null,
  "allow_promotion_codes": null,
  "amount_subtotal": 76,
  "amount_total": 76,
  "automatic_tax": {
    "enabled": false,
    "liability": null,
    "provider": null,
    "status": null
  },
  "billing_address_collection": null,
  "branding_settings": {
    "background_color": "#ffffff",
    "border_style": "rounded",
    "button_color": "#0074d4",
    "display_name": "INTELIGENT",
    "font_family": "default",
    "icon": null,
    "logo": null
  },
  "cancel_url": "https://pariazainteligent.ro/v1/investitii.php?cancel=1",
  "client_reference_id": null,
  "client_secret": null,
  "collected_information": {
    "business_name": null,
    "individual_name": null,
    "shipping_details": null
  },
  "consent": null,
  "consent_collection": null,
  "created": 1760832796,
  "currency": "eur",
  "currency_conversion": null,
  "custom_fields": [],
  "custom_text": {
    "after_submit": null,
    "shipping_address": null,
    "submit": null,
    "terms_of_service_acceptance": null
  },
  "customer": null,
  "customer_creation": "if_required",
  "customer_details": {
    "address": null,
    "business_name": null,
    "email": "tomizeimihaita@gmail.com",
    "individual_name": null,
    "name": null,
    "phone": null,
    "tax_exempt": "none",
    "tax_ids": null
  },
  "customer_email": "tomizeimihaita@gmail.com",
  "discounts": [],
  "expires_at": 1760919196,
  "invoice": null,
  "invoice_creation": {
    "enabled": false,
    "invoice_data": {
      "account_tax_ids": null,
      "custom_fields": null,
      "description": null,
      "footer": null,
      "issuer": null,
      "metadata": {},
      "rendering_options": null
    }
  },
  "livemode": true,
  "locale": null,
  "metadata": {
    "currency": "eur",
    "email": "tomizeimihaita@gmail.com",
    "fee_est_eur": "0.26",
    "gross_eur": "0.76",
    "net_est_eur": "0.50",
    "source": "investitii.php",
    "user_id": "7",
    "version": "v1-fee-aware"
  },
  "mode": "payment",
  "origin_context": null,
  "payment_intent": null,
  "payment_link": null,
  "payment_method_collection": "if_required",
  "payment_method_configuration_details": null,
  "payment_method_options": {
    "card": {
      "request_three_d_secure": "automatic"
    }
  },
  "payment_method_types": [
    "card"
  ],
  "payment_status": "unpaid",
  "permissions": null,
  "phone_number_collection": {
    "enabled": false
  },
  "recovered_from": null,
  "saved_payment_method_options": null,
  "setup_intent": null,
  "shipping_address_collection": null,
  "shipping_cost": null,
  "shipping_details": null,
  "shipping_options": [],
  "status": "open",
  "submit_type": null,
  "subscription": null,
  "success_url": "https://pariazainteligent.ro/v1/thanks.html?session_id={CHECKOUT_SESSION_ID}",
  "total_details": {
    "amount_discount": 0,
    "amount_shipping": 0,
    "amount_tax": 0
  },
  "ui_mode": "hosted",
  "url": "https://checkout.stripe.com/c/pay/cs_live_a1JYmWCtkf4oJtySNF9vHw3Y3wSH7DhUwix8DMZart7IuoUjgnmh2UPih3#fidnandhYHdWcXxpYCc%2FJ2FgY2RwaXEnKSdkdWxOYHwnPyd1blppbHNgWjA0SjExN3BJSFVRPWJQcEYyR113dW5URlBHQDdWZG18ZGxNanNkd1xraGxBTFBtMkpENmF0clZVaUdBSF9Sb1V3UUR9PV11TlE3QzR0aDUyYj19MHByVTZvNTVkY05rX2YzTCcpJ2N3amhWYHdzYHcnP3F3cGApJ2dkZm5id2pwa2FGamlqdyc%2FJyZjY2NjY2MnKSdpZHxqcHFRfHVgJz8ndmxrYmlgWmxxYGgnKSdga2RnaWBVaWRmYG1qaWFgd3YnP3F3cGB4JSUl",
  "wallet_options": null
} curlerr=-
